Processing  italian00032_382da1f51da252072d0cd26ab13007e0
	Total of opinions with different scope in the tag file: 5
	Total of skipped opinions: 0
	Total of opinion triples generated: 10
Processing  italian00061_4eb61e7be982245130467482dee2390c
	Total of opinions with different scope in the tag file: 8
	Total of skipped opinions: 0
	Total of opinion triples generated: 12
Processing  italian00097_6712d23dceb85d1dc12b9c5b065bdef6
	Total of opinions with different scope in the tag file: 9
	Total of skipped opinions: 0
	Total of opinion triples generated: 13
Processing  italian00165_b4d5889319bdd8ea3c66ede4b3940640
	Total of opinions with different scope in the tag file: 13
	Total of skipped opinions: 0
	Total of opinion triples generated: 15
Processing  italian00224_fb47ad8e47eab887a44d7b0d50151315
	Total of opinions with different scope in the tag file: 6
	Total of skipped opinions: 0
	Total of opinion triples generated: 8
Processing  italian00140_eeefb61c894b9bfa1122141d49e446d8
	Total of opinions with different scope in the tag file: 4
	Total of skipped opinions: 0
	Total of opinion triples generated: 6
Processing  italian00106_b612617ab1125134e1bdf8726f59809b
	Total of opinions with different scope in the tag file: 3
	Total of skipped opinions: 0
	Total of opinion triples generated: 3
Processing  italian00008_09b5804f2e5a07f2a636abf7f80ec9bc
	Total of opinions with different scope in the tag file: 4
	Total of skipped opinions: 0
	Total of opinion triples generated: 3
Processing  italian00039_41f28f19d9c1c9ddc4b656a7cbbf7829
	Total of opinions with different scope in the tag file: 9
	Total of skipped opinions: 0
	Total of opinion triples generated: 20
Processing  italian00155_a6edd4181ad4295ad136756cc2239b9f
	Total of opinions with different scope in the tag file: 1
	Total of skipped opinions: 0
	Total of opinion triples generated: 2
Processing  italian00024_17b2f1f1aa8afd36726a273c2760d889
	Total of opinions with different scope in the tag file: 13
	Total of skipped opinions: 0
	Total of opinion triples generated: 15
Processing  italian00092_97de309b510d76ec29dd1b4dd4f52271
	 TAG file not found on  /home/izquierdo/data/opinion_annotations_it/tag/hotel/italian00092_97de309b510d76ec29dd1b4dd4f52271.tag
Processing  italian00146_f5dac20050087c195da0f1b4364d0d4e
	Total of opinions with different scope in the tag file: 6
	Total of skipped opinions: 0
	Total of opinion triples generated: 7
Processing  italian00113_78cef0db551d05ba3af25a0292dbcfb2
	Total of opinions with different scope in the tag file: 4
	Total of skipped opinions: 0
	Total of opinion triples generated: 5
Processing  italian00033_3909dfb99e06f031ae3beab5ede8e66c
	 TAG file not found on  /home/izquierdo/data/opinion_annotations_it/tag/hotel/italian00033_3909dfb99e06f031ae3beab5ede8e66c.tag
Processing  italian00089_961f16b73f1e08776d78ba4bc55072a9
	Total of opinions with different scope in the tag file: 5
	Total of skipped opinions: 0
	Total of opinion triples generated: 6
Processing  italian00047_3920dc90f309aa92f4a302e143d86b50
	Total of opinions with different scope in the tag file: 5
	Total of skipped opinions: 0
	Total of opinion triples generated: 7
Processing  italian00100_ac6efae08ff46eb88b1761a03ca02e24
	Total of opinions with different scope in the tag file: 6
	Total of skipped opinions: 0
	Total of opinion triples generated: 9
Processing  italian00066_5197534f214a4decd72333b10245d2e4
	Total of opinions with different scope in the tag file: 4
	Total of skipped opinions: 0
	Total of opinion triples generated: 7
Processing  italian00169_bafc58413acb5faba7b03aac9deb5d33
	Total of opinions with different scope in the tag file: 5
	Total of skipped opinions: 0
	Total of opinion triples generated: 8
Processing  italian00060_64b25885c6ba3fb6a3cd7f0bf141cd1e
	Total of opinions with different scope in the tag file: 5
	Total of skipped opinions: 0
	Total of opinion triples generated: 6
Processing  italian00023_166992277f73e0b5f3b883ea03e1bfde
	Total of opinions with different scope in the tag file: 7
	Total of skipped opinions: 0
	Total of opinion triples generated: 12
Processing  italian00053_46ba2d8d8ce1399469d95713a478681c
	Total of opinions with different scope in the tag file: 9
	Total of skipped opinions: 0
	Total of opinion triples generated: 11
Processing  italian00135_e594f8b8cfe04200be45a556104c6100
	Total of opinions with different scope in the tag file: 9
	Total of skipped opinions: 0
	Total of opinion triples generated: 9
Processing  italian00148_fb1c74109ddede1ba32596eebe556a0c
	Total of opinions with different scope in the tag file: 5
	Total of skipped opinions: 0
	Total of opinion triples generated: 9
Processing  italian00158_a9b9ea04ae0d43fcfad115187c646a24
	Total of opinions with different scope in the tag file: 12
	Total of skipped opinions: 0
	Total of opinion triples generated: 16
Processing  italian00209_ea82f14f1a85d7e8c0ec8de66407322a
	Total of opinions with different scope in the tag file: 8
	Total of skipped opinions: 0
	Total of opinion triples generated: 11
Processing  italian00070_52c97e05870e4b6aac639bcea2633021
	Total of opinions with different scope in the tag file: 9
	Total of skipped opinions: 0
	Total of opinion triples generated: 13
Processing  italian00103_b2b2a310505daff77c322d7fb87e72fa
	Total of opinions with different scope in the tag file: 2
	Total of skipped opinions: 0
	Total of opinion triples generated: 4
Processing  italian00103_6ca749dbb39430ed09d54ed6e81e85c8
	Total of opinions with different scope in the tag file: 11
	Total of skipped opinions: 0
	Total of opinion triples generated: 11
Processing  italian00091_976ccdf0377ded5615fa3a78490553c9
	Total of opinions with different scope in the tag file: 6
	Total of skipped opinions: 0
	Total of opinion triples generated: 9
Processing  italian00157_a8e069cc0ddc4ae1cf37eee20bfd2e24
	Total of opinions with different scope in the tag file: 12
	Total of skipped opinions: 0
	Total of opinion triples generated: 14
Processing  italian00150_a49b9fce8d33908d3abe376dab21045f
	Total of opinions with different scope in the tag file: 10
	Total of skipped opinions: 0
	Total of opinion triples generated: 12
Processing  italian00120_c943a9aae4c2e36c5003c9e1d3720a34
	Total of opinions with different scope in the tag file: 7
	Total of skipped opinions: 0
	Total of opinion triples generated: 7
Processing  italian00185_cfd55bac551ced14aa401575382a1364
	Total of opinions with different scope in the tag file: 7
	Total of skipped opinions: 0
	Total of opinion triples generated: 9
Processing  italian00104_b3669b57f878aba942bb7649d238c951
	Total of opinions with different scope in the tag file: 3
	Total of skipped opinions: 0
	Total of opinion triples generated: 4
Processing  italian00126_856e691cd0c8028a8fdc5a100fef4f8b
	Total of opinions with different scope in the tag file: 10
	Total of skipped opinions: 0
	Total of opinion triples generated: 17
Processing  italian00201_e3e51f86ab3eb7caf01de19aecea9c2f
	Total of opinions with different scope in the tag file: 10
	Total of skipped opinions: 0
	Total of opinion triples generated: 11
Processing  italian00028_2f1a4181c51f1c346dbde6441dac0dc3
	Total of opinions with different scope in the tag file: 10
	Total of skipped opinions: 0
	Total of opinion triples generated: 12
Processing  italian00123_ca7341c8ea1ad74c33cf5714b5a3dddd
	Total of opinions with different scope in the tag file: 6
	Total of skipped opinions: 0
	Total of opinion triples generated: 10
Processing  italian00199_e0740f39d30582f6d36aecbd1db4e974
	Total of opinions with different scope in the tag file: 9
	Total of skipped opinions: 0
	Total of opinion triples generated: 12
Processing  italian00192_d76bfca5037c6e7ae9105c05c46fa56b
	Total of opinions with different scope in the tag file: 6
	Total of skipped opinions: 0
	Total of opinion triples generated: 7
Processing  italian00116_7d8003d021cccbc49a55355760d9a6e8
	Total of opinions with different scope in the tag file: 15
	Total of skipped opinions: 0
	Total of opinion triples generated: 19
Processing  italian00058_4e1dbb81f6ab0890b69e6adf845d7e35
	Total of opinions with different scope in the tag file: 2
	Total of skipped opinions: 0
	Total of opinion triples generated: 2
Processing  italian00180_c949ba978d0a55dc330f8b85b44d41fc
	Total of opinions with different scope in the tag file: 10
	Total of skipped opinions: 0
	Total of opinion triples generated: 14
Processing  italian00017_11f5c344e4a58aba017478262d411106
	Total of opinions with different scope in the tag file: 8
	Total of skipped opinions: 0
	Total of opinion triples generated: 10
Processing  italian00068_718863bfb4f3cdb96fef1108cb13eeed
	Total of opinions with different scope in the tag file: 6
	Total of skipped opinions: 0
	Total of opinion triples generated: 13
Processing  italian00064_66f642f2284242500dec4dd6ba8c3c6c
	Total of opinions with different scope in the tag file: 11
	Total of skipped opinions: 0
	Total of opinion triples generated: 15
Processing  italian00114_c0cfabb1b7b6043a977917b83b99c683
	Total of opinions with different scope in the tag file: 3
	Total of skipped opinions: 0
	Total of opinion triples generated: 4
Processing  italian00152_a5c2d6fbe59fb30363cda0358ef8c006
	Total of opinions with different scope in the tag file: 11
	Total of skipped opinions: 0
	Total of opinion triples generated: 13
Processing  italian00111_76bdf75880a4d21db187f79bf8b20e21
	Total of opinions with different scope in the tag file: 3
	Total of skipped opinions: 0
	Total of opinion triples generated: 4
Processing  italian00059_4e8015d0cbb684e40992aa4475ccb0e4
	Total of opinions with different scope in the tag file: 2
	Total of skipped opinions: 0
	Total of opinion triples generated: 2
Processing  italian00221_f8e971a6cfb7ae0cf33583528202b2a1
	Total of opinions with different scope in the tag file: 3
	Total of skipped opinions: 0
	Total of opinion triples generated: 5
Processing  italian00127_d29bc3dedabf6bdc0215beb1c2a79107
	Total of opinions with different scope in the tag file: 3
	Total of skipped opinions: 0
	Total of opinion triples generated: 4
Processing  italian00187_d1ffdbae1699e23a500452bcef2e2b45
	Total of opinions with different scope in the tag file: 17
	Total of skipped opinions: 0
	Total of opinion triples generated: 18
Processing  italian00080_5931039b0e1eae313c1a27f285a8351c
	Total of opinions with different scope in the tag file: 9
	Total of skipped opinions: 0
	Total of opinion triples generated: 12
Processing  italian00067_7084b8d7fc64dccf99e975eb9921f64e
	Total of opinions with different scope in the tag file: 3
	Total of skipped opinions: 0
	Total of opinion triples generated: 3
Processing  italian00205_e72f25d995a3bab8552005a51bb54927
	Total of opinions with different scope in the tag file: 9
	Total of skipped opinions: 0
	Total of opinion triples generated: 13
Processing  italian00216_f248a29edb73fccd7199564fedc6ab93
	Total of opinions with different scope in the tag file: 10
	Total of skipped opinions: 0
	Total of opinion triples generated: 18
Processing  italian00133_8c62b38967e77e4a801c24642aaf9df4
	Total of opinions with different scope in the tag file: 8
	Total of skipped opinions: 0
	Total of opinion triples generated: 10
Processing  italian00117_c7b1aea04e452672bd426bc81975efa0
	Total of opinions with different scope in the tag file: 2
	Total of skipped opinions: 0
	Total of opinion triples generated: 3
Processing  italian00016_111b43acc3d11b593221039c29d7a024
	Total of opinions with different scope in the tag file: 4
	Total of skipped opinions: 0
	Total of opinion triples generated: 4
Processing  italian00131_dcc55b8a0399bc844f6f6b0d9ea8c709
	Total of opinions with different scope in the tag file: 4
	Total of skipped opinions: 0
	Total of opinion triples generated: 5
Processing  italian00071_77511682c47fe19d835d47bb8ab5b65c
	Total of opinions with different scope in the tag file: 9
	Total of skipped opinions: 0
	Total of opinion triples generated: 9
Processing  italian00134_dee397b36d57f840b60fb7f4dcd9e2cb
	Total of opinions with different scope in the tag file: 3
	Total of skipped opinions: 0
	Total of opinion triples generated: 4
Processing  italian00149_fcc33ae70a66700cc88e58c27b29a0ed
	Total of opinions with different scope in the tag file: 6
	Total of skipped opinions: 0
	Total of opinion triples generated: 8
Processing  italian00131_89e64ef912532682457e497c298ec5b7
	Total of opinions with different scope in the tag file: 4
	Total of skipped opinions: 0
	Total of opinion triples generated: 4
Processing  italian00017_17fe36287a3f9f082f13e9b3319104e0
	 TAG file not found on  /home/izquierdo/data/opinion_annotations_it/tag/hotel/italian00017_17fe36287a3f9f082f13e9b3319104e0.tag
Processing  italian00034_3d63a8cae114964d1fc203c2335413e4
	Total of opinions with different scope in the tag file: 4
	Total of skipped opinions: 0
	Total of opinion triples generated: 6
Processing  italian00057_4c7200703d2476a4b895ad6ff14be261
	Total of opinions with different scope in the tag file: 8
	Total of skipped opinions: 0
	Total of opinion triples generated: 11
Processing  italian00115_7d63bce98ae270efd360621fa9e40ca4
	Discarded  	/home/izquierdo/data/opinion_annotations_it/tag/hotel/italian00115_7d63bce98ae270efd360621fa9e40ca4.tag opinion id:58
		OpinionTarget	colazione
		Negative	non
		Negative	troppo
		Negative	varia
		none    	(
		Negative	solo
		OpinionTarget	dolce
		none    	)
		none    	ma
		Positive	buona.I

	Total of opinions with different scope in the tag file: 11
	Total of skipped opinions: 1
	Total of opinion triples generated: 14
Processing  italian00011_0d159d873ad08dbedceb6902653d8eba
	Total of opinions with different scope in the tag file: 7
	Total of skipped opinions: 0
	Total of opinion triples generated: 8
Processing  italian00001_00871a16a186e52b1ffef0a34e20705e
	Total of opinions with different scope in the tag file: 6
	Total of skipped opinions: 0
	Total of opinion triples generated: 7
Processing  italian00009_0a55f0ca099a2e5463b35f0d679e6fba
	Total of opinions with different scope in the tag file: 12
	Total of skipped opinions: 0
	Total of opinion triples generated: 15
Processing  italian00045_4da969ad64202c49980c75eac258a282
	Total of opinions with different scope in the tag file: 3
	Total of skipped opinions: 0
	Total of opinion triples generated: 4
Processing  italian00175_c5390851caab36d44ba85c3ddf4d0744
	Total of opinions with different scope in the tag file: 1
	Total of skipped opinions: 0
	Total of opinion triples generated: 1
Processing  italian00125_83e9903551400d6f34388a9e86a648ec
	Total of opinions with different scope in the tag file: 14
	Total of skipped opinions: 0
	Total of opinion triples generated: 16
Processing  italian00198_ddb51fdb1a3d049598594dee8032087a
	Total of opinions with different scope in the tag file: 8
	Total of skipped opinions: 0
	Total of opinion triples generated: 9
Processing  italian00136_e814ae5f7f2f832f8e09b26616065c2f
	Total of opinions with different scope in the tag file: 3
	Total of skipped opinions: 0
	Total of opinion triples generated: 6
Processing  italian00038_411969c5ba15f6fe5bdd07fd06910b50
	Total of opinions with different scope in the tag file: 4
	Total of skipped opinions: 0
	Total of opinion triples generated: 7
Processing  italian00040_42a6e59606ebe087add3486f1190d818
	Total of opinions with different scope in the tag file: 1
	Total of skipped opinions: 0
	Total of opinion triples generated: 1
Processing  italian00096_66e28699b4a0b83f3fa919047a5ed6e5
	Total of opinions with different scope in the tag file: 8
	Total of skipped opinions: 0
	Total of opinion triples generated: 11
Processing  italian00118_c7d672b346a4365f920782904366d85f
	Total of opinions with different scope in the tag file: 1
	Total of skipped opinions: 0
	Total of opinion triples generated: 1
Processing  italian00052_42a6e59606ebe087add3486f1190d818
	Total of opinions with different scope in the tag file: 5
	Total of skipped opinions: 0
	Total of opinion triples generated: 8
Processing  italian00210_ec15b28f1042f01d7f4d0ebb74c0500d
	Total of opinions with different scope in the tag file: 10
	Total of skipped opinions: 0
	Total of opinion triples generated: 14
Processing  italian00143_f331578b4edc0f7caf1b2ac23a5e5291
	 TAG file not found on  /home/izquierdo/data/opinion_annotations_it/tag/hotel/italian00143_f331578b4edc0f7caf1b2ac23a5e5291.tag
Processing  italian00170_be491f1aea89e524799364d1ba67303c
	Total of opinions with different scope in the tag file: 7
	Total of skipped opinions: 0
	Total of opinion triples generated: 11
Processing  italian00067_51ef8e0f8fed949a104fa112a00ce0a0
	Total of opinions with different scope in the tag file: 6
	Total of skipped opinions: 0
	Total of opinion triples generated: 8
Processing  italian00168_b872dd07208422f23a9b47af686af4a0
	Total of opinions with different scope in the tag file: 3
	Total of skipped opinions: 0
	Total of opinion triples generated: 4
Processing  italian00028_19fa13cb49d5865c76dadb64b795fd50
	Total of opinions with different scope in the tag file: 7
	Total of skipped opinions: 0
	Total of opinion triples generated: 7
Processing  italian00124_83633194570da32dbb9edb4b6d9c0793
	Total of opinions with different scope in the tag file: 6
	Total of skipped opinions: 0
	Total of opinion triples generated: 7
Processing  italian00138_9034ce5aa75e876ed300db9232dfc070
	Discarded  	/home/izquierdo/data/opinion_annotations_it/tag/hotel/italian00138_9034ce5aa75e876ed300db9232dfc070.tag opinion id:11
		none    	è
		StrongNegative	davvero
		StrongNegative	pessimo
		none    	sotto
		StrongNegative	tutti
		OpinionTarget	i
		OpinionTarget	punti
		OpinionTarget	di
		OpinionTarget	vista
		Positive	tranne
		none    	uno
		none    	:
		OpinionTarget	la
		OpinionTarget	posizione
		none    	che
		none    	è
		StrongPositive	molto
		StrongPositive	centrale

	Total of opinions with different scope in the tag file: 8
	Total of skipped opinions: 1
	Total of opinion triples generated: 8
Processing  italian00031_1bcec64563afe91d81b8da8e2849ac46
	 TAG file not found on  /home/izquierdo/data/opinion_annotations_it/tag/hotel/italian00031_1bcec64563afe91d81b8da8e2849ac46.tag
Processing  italian00112_77b988d08237ca525379b8a22c719808
	Total of opinions with different scope in the tag file: 6
	Total of skipped opinions: 0
	Total of opinion triples generated: 16
Processing  italian00113_be78d63b3758f2b00354cbc7958acdb3
	Total of opinions with different scope in the tag file: 4
	Total of skipped opinions: 0
	Total of opinion triples generated: 5
Processing  italian00025_2c5bcba41c23426c3659b063f67b23ff
	Total of opinions with different scope in the tag file: 4
	Total of skipped opinions: 0
	Total of opinion triples generated: 5
Processing  italian00127_85b308ba6dd97a0f6e4e8d06af7f8588
	Total of opinions with different scope in the tag file: 10
	Total of skipped opinions: 0
	Total of opinion triples generated: 22
Processing  italian00007_08af9910fb6116930b289e5348836aff
	Total of opinions with different scope in the tag file: 9
	Total of skipped opinions: 0
	Total of opinion triples generated: 12
Processing  italian00008_09e04283ebb7bbe6c152f6b62c210be4
	Total of opinions with different scope in the tag file: 3
	Total of skipped opinions: 0
	Total of opinion triples generated: 5
Processing  italian00003_03a4b57322cec8706e82f0721d2a1947
	Total of opinions with different scope in the tag file: 5
	Total of skipped opinions: 0
	Total of opinion triples generated: 5
Processing  italian00037_2867d3f2a227987e5096c2072b2b0298
	Total of opinions with different scope in the tag file: 9
	Total of skipped opinions: 0
	Total of opinion triples generated: 14
Processing  italian00188_d4fdb1e4ee3022dda76fcc778f2b15f7
	Total of opinions with different scope in the tag file: 7
	Total of skipped opinions: 0
	Total of opinion triples generated: 13
Processing  italian00094_6575af33b93726d5eba91f7d6d1c5d42
	Total of opinions with different scope in the tag file: 8
	Total of skipped opinions: 0
	Total of opinion triples generated: 11
Processing  italian00214_f0ddcb75de6e85514acff2cc87eb982e
	Total of opinions with different scope in the tag file: 7
	Total of skipped opinions: 0
	Total of opinion triples generated: 8
Processing  italian00093_98fb8637038a3feb7fab0f431809b9f5
	Total of opinions with different scope in the tag file: 3
	Total of skipped opinions: 0
	Total of opinion triples generated: 7
Processing  italian00084_90b58b50774192dbb60d4e37f5ea647a
	Total of opinions with different scope in the tag file: 5
	Total of skipped opinions: 0
	Total of opinion triples generated: 8
Processing  italian00049_55a208172f80181ddba132d06c5ab67a
	Total of opinions with different scope in the tag file: 5
	Total of skipped opinions: 0
	Total of opinion triples generated: 7
Processing  italian00095_9dee5aea580b85a330fd89427962e1b5
	Discarded  	/home/izquierdo/data/opinion_annotations_it/tag/hotel/italian00095_9dee5aea580b85a330fd89427962e1b5.tag opinion id:6
		Positive	buona
		OpinionTarget	varietà
		OpinionTarget	di
		OpinionTarget	cibo
		none    	anche
		none    	se
		Negative	non
		Negative	di
		Negative	ottima
		OpinionTarget	qualità

	Total of opinions with different scope in the tag file: 4
	Total of skipped opinions: 1
	Total of opinion triples generated: 3
Processing  italian00197_dcfebee212099fd30b4f5cb1e63e1a30
	Total of opinions with different scope in the tag file: 5
	Total of skipped opinions: 0
	Total of opinion triples generated: 8
Processing  italian00076_8018dbc2ab7db52ecc4a4675bf588e75
	 TAG file not found on  /home/izquierdo/data/opinion_annotations_it/tag/hotel/italian00076_8018dbc2ab7db52ecc4a4675bf588e75.tag
Processing  italian00139_ee5835a730a17d263b9fdaace01dc82c
	Total of opinions with different scope in the tag file: 7
	Total of skipped opinions: 0
	Total of opinion triples generated: 11
Processing  italian00047_51631f8e9870fcf24957b33149012581
	Total of opinions with different scope in the tag file: 3
	Total of skipped opinions: 0
	Total of opinion triples generated: 4
Processing  italian00079_58e0d833578055e531ff7e9f1967546a
	Total of opinions with different scope in the tag file: 8
	Total of skipped opinions: 0
	Total of opinion triples generated: 11
Processing  italian00164_b3819fdc2b84ae5a9faef1aaa8b06215
	Total of opinions with different scope in the tag file: 8
	Total of skipped opinions: 0
	Total of opinion triples generated: 10
Processing  italian00176_c6ae24a37cb07eb0a6168fde00c6977d
	Total of opinions with different scope in the tag file: 6
	Total of skipped opinions: 0
	Total of opinion triples generated: 7
Processing  italian00084_5c61fb26dd0b06d0eb2bd8e2c443cfde
	Total of opinions with different scope in the tag file: 7
	Total of skipped opinions: 0
	Total of opinion triples generated: 9
Processing  italian00089_5ff5d93a0654595a68a766ce8d763f7d
	Total of opinions with different scope in the tag file: 10
	Total of skipped opinions: 0
	Total of opinion triples generated: 10
Processing  italian00087_5f08fd9b1c0a205fc504a4a5738b7864
	Total of opinions with different scope in the tag file: 8
	Total of skipped opinions: 0
	Total of opinion triples generated: 8
Processing  italian00115_c46c748849341b2772509397de5d0f34
	Total of opinions with different scope in the tag file: 7
	Total of skipped opinions: 0
	Total of opinion triples generated: 7
Processing  italian00083_8ccce00b653b32421700cab9a89e305a
	Total of opinions with different scope in the tag file: 5
	Total of skipped opinions: 0
	Total of opinion triples generated: 7
Processing  italian00090_96eb00aca3c59beb27e10d887384cfc6
	Total of opinions with different scope in the tag file: 5
	Total of skipped opinions: 0
	Total of opinion triples generated: 8
Processing  italian00012_110404f9ff5b28f9363ab8795e1c5d70
	Total of opinions with different scope in the tag file: 1
	Total of skipped opinions: 0
	Total of opinion triples generated: 1
Processing  italian00030_33819cac18db4cb27a62fb8629f75ceb
	Total of opinions with different scope in the tag file: 8
	Total of skipped opinions: 0
	Total of opinion triples generated: 13
Processing  italian00029_316136eb4a9fd737f878917512b0ca77
	Total of opinions with different scope in the tag file: 4
	Total of skipped opinions: 0
	Total of opinion triples generated: 4
Processing  italian00068_52b6c387a6729ecef208ff0f63a69a3d
	Total of opinions with different scope in the tag file: 5
	Total of skipped opinions: 0
	Total of opinion triples generated: 6
Processing  italian00052_59537150133cc13e6e1d774c8abe8fc2
	Total of opinions with different scope in the tag file: 4
	Total of skipped opinions: 0
	Total of opinion triples generated: 5
Processing  italian00202_e45f6c33047d017f63eb99109ff33bc6
	Discarded  	/home/izquierdo/data/opinion_annotations_it/tag/hotel/italian00202_e45f6c33047d017f63eb99109ff33bc6.tag opinion id:16
		none    	La
		OpinionTarget	struttura
		none    	in
		none    	se
		Positive	non
		Positive	è
		Positive	male
		none    	,
		Negative	non
		Negative	è
		Negative	comodissima
		none    	ma
		none    	è
		Positive	abbastanza
		Positive	vicina
		none    	alla
		OpinionTarget	spiaggia

	Total of opinions with different scope in the tag file: 7
	Total of skipped opinions: 1
	Total of opinion triples generated: 8
Processing  italian00144_99a9a07d5451ad25f866c430c4ae0ec5
	Total of opinions with different scope in the tag file: 9
	Total of skipped opinions: 0
	Total of opinion triples generated: 15
Processing  italian00045_3586847e1d376e79527693b0d60f484b
	Total of opinions with different scope in the tag file: 6
	Total of skipped opinions: 0
	Total of opinion triples generated: 8
Processing  italian00099_aac7c6b9917403266010009781d70cb8
	 TAG file not found on  /home/izquierdo/data/opinion_annotations_it/tag/hotel/italian00099_aac7c6b9917403266010009781d70cb8.tag
Processing  italian00128_d88a9ca64ec101f879b8be63e8bf6af8
	Total of opinions with different scope in the tag file: 3
	Total of skipped opinions: 0
	Total of opinion triples generated: 3
Processing  italian00075_7ba3a16e287f9c2479eaeb2f2d63ecde
	Total of opinions with different scope in the tag file: 2
	Total of skipped opinions: 0
	Total of opinion triples generated: 3
Processing  italian00095_65ed91db9c3683ff7fcd423c12fac04f
	Total of opinions with different scope in the tag file: 4
	Total of skipped opinions: 0
	Total of opinion triples generated: 5
Processing  italian00044_4bcef0d5a76b51ef0a958a407623db6a
	Total of opinions with different scope in the tag file: 3
	Total of skipped opinions: 0
	Total of opinion triples generated: 3
Processing  italian00070_77364b000f56104b1eac63a717b9417c
	 TAG file not found on  /home/izquierdo/data/opinion_annotations_it/tag/hotel/italian00070_77364b000f56104b1eac63a717b9417c.tag
Processing  italian00109_753040ba0b05a5a1e4949ff6b5653710
	Total of opinions with different scope in the tag file: 7
	Total of skipped opinions: 0
	Total of opinion triples generated: 8
Processing  italian00074_55e0d47e7b19077fd90bab95527fb582
	Total of opinions with different scope in the tag file: 11
	Total of skipped opinions: 0
	Total of opinion triples generated: 13
Processing  italian00126_d1756e9116bc4881ad6b4425087c3af0
	Total of opinions with different scope in the tag file: 2
	Total of skipped opinions: 0
	Total of opinion triples generated: 3
Processing  italian00218_f51d34d2ec7b32659c58f3dc1a8cc63d
	Total of opinions with different scope in the tag file: 3
	Total of skipped opinions: 0
	Total of opinion triples generated: 4
Processing  italian00073_7b845b4071bb87c3775772fe51f7887a
	 TAG file not found on  /home/izquierdo/data/opinion_annotations_it/tag/hotel/italian00073_7b845b4071bb87c3775772fe51f7887a.tag
Processing  italian00062_666177f4430eabe0a66c98ab0d0b262c
	Total of opinions with different scope in the tag file: 6
	Total of skipped opinions: 0
	Total of opinion triples generated: 7
Processing  italian00027_19ddf8a7ad443be95dd2db9d387972af
	Total of opinions with different scope in the tag file: 6
	Total of skipped opinions: 0
	Total of opinion triples generated: 8
Processing  italian00042_309f9c63624e542b6f58606ffd6df545
	Total of opinions with different scope in the tag file: 7
	Total of skipped opinions: 0
	Total of opinion triples generated: 7
Processing  italian00013_12914b39509e97b2f39adbf912e63ff3
	Total of opinions with different scope in the tag file: 5
	Total of skipped opinions: 0
	Total of opinion triples generated: 6
Processing  italian00049_3ec576c6b92b966883a7590370d1f215
	Total of opinions with different scope in the tag file: 5
	Total of skipped opinions: 0
	Total of opinion triples generated: 7
Processing  italian00147_9e51da5527a75bd9159bb2b124e4b634
	Total of opinions with different scope in the tag file: 8
	Total of skipped opinions: 0
	Total of opinion triples generated: 8
Processing  italian00129_d8eec5f587904fc09782ef49a575e431
	Total of opinions with different scope in the tag file: 1
	Total of skipped opinions: 0
	Total of opinion triples generated: 1
Processing  italian00098_a671a6f5fa3dc2250af4cc7f11797786
	Total of opinions with different scope in the tag file: 7
	Total of skipped opinions: 0
	Total of opinion triples generated: 10
Processing  italian00050_3f35501647e393f2b3c55324d36386b2
	Total of opinions with different scope in the tag file: 7
	Total of skipped opinions: 0
	Total of opinion triples generated: 10
Processing  italian00128_87a2fe41616e3fd442755107c07b58d4
	Total of opinions with different scope in the tag file: 11
	Total of skipped opinions: 0
	Total of opinion triples generated: 18
Processing  italian00065_50f384d65d7b975d8d0f399f710be531
	Total of opinions with different scope in the tag file: 3
	Total of skipped opinions: 0
	Total of opinion triples generated: 4
Processing  italian00035_404a54a7e2952d0bd0be93001c7e75d9
	Total of opinions with different scope in the tag file: 8
	Total of skipped opinions: 0
	Total of opinion triples generated: 10
Processing  italian00132_8a1bceadc31561f551c3b872688a5f2d
	Total of opinions with different scope in the tag file: 8
	Total of skipped opinions: 0
	Total of opinion triples generated: 9
Processing  italian00225_fcccf4aab545042e443b899a1650c1ab
	Total of opinions with different scope in the tag file: 9
	Total of skipped opinions: 0
	Total of opinion triples generated: 12
Processing  italian00087_9295e85eb5c4641679294b1e7eb6eda9
	Total of opinions with different scope in the tag file: 4
	Total of skipped opinions: 0
	Total of opinion triples generated: 7
Processing  italian00191_d699b9395ae63e3080f9ac966ace94ec
	 TAG file not found on  /home/izquierdo/data/opinion_annotations_it/tag/hotel/italian00191_d699b9395ae63e3080f9ac966ace94ec.tag
Processing  italian00019_1bdfadb41c5d6741e97e09ce22cdb681
	Total of opinions with different scope in the tag file: 6
	Total of skipped opinions: 0
	Total of opinion triples generated: 7
Processing  italian00142_968f68b100fef5f4277f9466376bb177
	Total of opinions with different scope in the tag file: 9
	Total of skipped opinions: 0
	Total of opinion triples generated: 10
Processing  italian00074_7b9a59830c2148225f813031bed9ba27
	Total of opinions with different scope in the tag file: 2
	Total of skipped opinions: 0
	Total of opinion triples generated: 5
Processing  italian00005_04b7eea2d85bdbf0ca70a5658d0c1965
	Total of opinions with different scope in the tag file: 8
	Total of skipped opinions: 0
	Total of opinion triples generated: 8
Processing  italian00041_308907204dc624ccbb3d934331344383
	Total of opinions with different scope in the tag file: 9
	Total of skipped opinions: 0
	Total of opinion triples generated: 11
Processing  italian00085_5c67cee85506a0bd31fc4ced458a738c
	Total of opinions with different scope in the tag file: 7
	Total of skipped opinions: 0
	Total of opinion triples generated: 9
Processing  italian00073_5412f77f45c19c67a5181126f563a645
	Total of opinions with different scope in the tag file: 2
	Total of skipped opinions: 0
	Total of opinion triples generated: 2
Processing  italian00019_12d95ae022bdd6c79cf4dd7e1e8de300
	Total of opinions with different scope in the tag file: 8
	Total of skipped opinions: 0
	Total of opinion triples generated: 10
Processing  italian00083_5abd4dfd61c2feacd2d57544a9fafef6
	Total of opinions with different scope in the tag file: 9
	Total of skipped opinions: 0
	Total of opinion triples generated: 12
Processing  italian00146_9cac0523de9bd805d7e6ee4b576ca55b
	Total of opinions with different scope in the tag file: 9
	Total of skipped opinions: 0
	Total of opinion triples generated: 12
Processing  italian00121_c9f029e4e411b685a6a04bb0e5d4dd91
	Total of opinions with different scope in the tag file: 2
	Total of skipped opinions: 0
	Total of opinion triples generated: 2
Processing  italian00153_a5f5b2462445fac001d54ff1643f8a91
	Total of opinions with different scope in the tag file: 5
	Total of skipped opinions: 0
	Total of opinion triples generated: 6
Processing  italian00139_9036b5ca110f508d51c38e4798d5eb32
	Total of opinions with different scope in the tag file: 7
	Total of skipped opinions: 0
	Total of opinion triples generated: 13
Processing  italian00077_579f47e7cb0d3a908fdb71511df1c244
	Total of opinions with different scope in the tag file: 13
	Total of skipped opinions: 0
	Total of opinion triples generated: 14
Processing  italian00011_0e702b1aa7674d6a9180ab1cafe9b471
	Total of opinions with different scope in the tag file: 5
	Total of skipped opinions: 0
	Total of opinion triples generated: 7
Processing  italian00178_c7dc27e4e6b5be4f232442305a7dc6c5
	Total of opinions with different scope in the tag file: 5
	Total of skipped opinions: 0
	Total of opinion triples generated: 6
Processing  italian00208_e8e285c43455a9ae77b2e8e4a771b891
	Total of opinions with different scope in the tag file: 8
	Total of skipped opinions: 0
	Total of opinion triples generated: 11
Processing  italian00058_618a1e368324726f7438ddc8ac8b33e3
	Total of opinions with different scope in the tag file: 5
	Total of skipped opinions: 0
	Total of opinion triples generated: 7
Processing  italian00098_6757dc45e9cbba4dcda39e32b3b14925
	Total of opinions with different scope in the tag file: 5
	Total of skipped opinions: 0
	Total of opinion triples generated: 5
Processing  italian00207_e839bd9d58761b4fcc235848cb6488ee
	Total of opinions with different scope in the tag file: 4
	Total of skipped opinions: 0
	Total of opinion triples generated: 4
Processing  italian00018_129b3fa3b4b713b439d76ac1975ffadf
	Total of opinions with different scope in the tag file: 12
	Total of skipped opinions: 0
	Total of opinion triples generated: 15
Processing  italian00053_59ceddff8eaf5ef162e033a2414c3b4d
	Total of opinions with different scope in the tag file: 5
	Total of skipped opinions: 0
	Total of opinion triples generated: 5
Processing  italian00060_4e972b6e6b9dca9c7f1fd3c33c3802ce
	Total of opinions with different scope in the tag file: 10
	Total of skipped opinions: 0
	Total of opinion triples generated: 10
Processing  italian00212_ee0d9fbccdfa5a0e46d80d16c46ca0d6
	Total of opinions with different scope in the tag file: 9
	Total of skipped opinions: 0
	Total of opinion triples generated: 10
Processing  italian00179_c89e050f65b3061339298dbf3a22de39
	Total of opinions with different scope in the tag file: 6
	Total of skipped opinions: 0
	Total of opinion triples generated: 9
Processing  italian00184_cf8454ed37fe61de7942becd5ca35f0b
	Total of opinions with different scope in the tag file: 4
	Total of skipped opinions: 0
	Total of opinion triples generated: 5
Processing  italian00156_a77e2e136a0bad1d45a0ba5b2d8c430f
	Total of opinions with different scope in the tag file: 12
	Total of skipped opinions: 0
	Total of opinion triples generated: 18
Processing  italian00085_917d38d81ff3dbbac285fd607806c4a1
	Total of opinions with different scope in the tag file: 5
	Total of skipped opinions: 0
	Total of opinion triples generated: 5
Processing  italian00069_52bf682fa4cf69660fada8e9a8a5706e
	Total of opinions with different scope in the tag file: 10
	Total of skipped opinions: 0
	Total of opinion triples generated: 20
Processing  italian00099_68ec45fa8d0e536d0a4bf696d97932ee
	Total of opinions with different scope in the tag file: 6
	Total of skipped opinions: 0
	Total of opinion triples generated: 7
Processing  italian00014_0f8c71c63f2055d05abbcc2c9a1a132a
	Total of opinions with different scope in the tag file: 4
	Total of skipped opinions: 0
	Total of opinion triples generated: 5
Processing  italian00181_cb2ba1a367afc2e904fc61aa53278d18
	Total of opinions with different scope in the tag file: 8
	Total of skipped opinions: 0
	Total of opinion triples generated: 11
Processing  italian00054_5a57eb2a53fae960f18ed664ac7c34f1
	Total of opinions with different scope in the tag file: 3
	Total of skipped opinions: 0
	Total of opinion triples generated: 4
Processing  italian00195_da3c59872c67c8e8d2401c48dfc6a072
	Total of opinions with different scope in the tag file: 4
	Total of skipped opinions: 0
	Total of opinion triples generated: 4
Processing  italian00072_797e5238be446a3f13cd86f29507cb0f
	Total of opinions with different scope in the tag file: 4
	Total of skipped opinions: 0
	Total of opinion triples generated: 9
Processing  italian00018_1b30ecdebea55dec214414ee4bbb05fa
	Total of opinions with different scope in the tag file: 3
	Total of skipped opinions: 0
	Total of opinion triples generated: 5
Processing  italian00171_c17087de10b0b96ab4654244a348b625
	Total of opinions with different scope in the tag file: 9
	Total of skipped opinions: 0
	Total of opinion triples generated: 10
Processing  italian00134_8ccce00b653b32421700cab9a89e305a
	Total of opinions with different scope in the tag file: 8
	Total of skipped opinions: 0
	Total of opinion triples generated: 12
Processing  italian00174_c3cb6371aa888728e32ea1485b68f07d
	Discarded  	/home/izquierdo/data/opinion_annotations_it/tag/hotel/italian00174_c3cb6371aa888728e32ea1485b68f07d.tag opinion id:21
		none    	Le
		OpinionTarget	camere
		none    	sono
		Positive	ampie
		none    	,
		Positive	pulite
		none    	,
		Positive	dotate
		Positive	di
		Positive	tutto
		Positive	il
		Positive	necessario
		none    	,
		Positive	compresa
		none    	la
		OpinionTarget	macchina
		OpinionTarget	per
		OpinionTarget	il
		OpinionTarget	caffe

	Total of opinions with different scope in the tag file: 7
	Total of skipped opinions: 1
	Total of opinion triples generated: 7
Processing  italian00145_99c7f892ffabd658e1ab6e07bead5f31
	Total of opinions with different scope in the tag file: 10
	Total of skipped opinions: 0
	Total of opinion triples generated: 15
Processing  italian00023_26363cdc27b07265d05bd9c5c808ed23
	Total of opinions with different scope in the tag file: 6
	Total of skipped opinions: 0
	Total of opinion triples generated: 8
Processing  italian00048_553d9fa4a696a5108740bec57f08fe3e
	Total of opinions with different scope in the tag file: 5
	Total of skipped opinions: 0
	Total of opinion triples generated: 7
Processing  italian00029_1ab455eb6599af009ec17b680a4595c1
	Total of opinions with different scope in the tag file: 10
	Total of skipped opinions: 0
	Total of opinion triples generated: 12
Processing  italian00063_506eec9fb6fc4f5b3f53f1d291c23e7e
	Total of opinions with different scope in the tag file: 5
	Total of skipped opinions: 0
	Total of opinion triples generated: 5
Processing  italian00136_8d189378789291a2acc7e66ef17093f8
	Total of opinions with different scope in the tag file: 6
	Total of skipped opinions: 0
	Total of opinion triples generated: 6
Processing  italian00203_e5912b6e04032e51c7f8d5a0d7b54576
	Total of opinions with different scope in the tag file: 9
	Total of skipped opinions: 0
	Total of opinion triples generated: 13
Processing  italian00102_af34d51a03f6773b9fe19923721992d0
	 TAG file not found on  /home/izquierdo/data/opinion_annotations_it/tag/hotel/italian00102_af34d51a03f6773b9fe19923721992d0.tag
Processing  italian00051_3f6792563e235d14af962a311ba42df7
	Total of opinions with different scope in the tag file: 5
	Total of skipped opinions: 0
	Total of opinion triples generated: 5
Processing  italian00015_1072703a6a8689591b05d9d8aeb61e6e
	Total of opinions with different scope in the tag file: 5
	Total of skipped opinions: 0
	Total of opinion triples generated: 7
Processing  italian00043_3132a13e25d57f47c116c3b2caebb43d
	Total of opinions with different scope in the tag file: 7
	Total of skipped opinions: 0
	Total of opinion triples generated: 10
Processing  italian00020_14faf8bbfedd15eea927c087eeb1b0a2
	Total of opinions with different scope in the tag file: 7
	Total of skipped opinions: 0
	Total of opinion triples generated: 7
Processing  italian00030_1b55449006cb8e5100dba15dc4e8f027
	Total of opinions with different scope in the tag file: 9
	Total of skipped opinions: 0
	Total of opinion triples generated: 10
Processing  italian00133_de9dd8139227a783d6ce6f92bf2b38a2
	Total of opinions with different scope in the tag file: 1
	Total of skipped opinions: 0
	Total of opinion triples generated: 2
Processing  italian00033_1fd829f5ca964fffeed964790afae526
	Discarded  	/home/izquierdo/data/opinion_annotations_it/tag/hotel/italian00033_1fd829f5ca964fffeed964790afae526.tag opinion id:20
		Negative	poco
		Negative	centrale
		StrongPositive	consiglio
		StrongPositive	vivamente
		OpinionTarget	questo
		OpinionTarget	albergo
		none    	per
		none    	la
		none    	sua
		none    	posizione
		none    	,
		Negative	un
		Negative	pò
		Negative	meno
		none    	per
		none    	le
		OpinionTarget	stanze

	Total of opinions with different scope in the tag file: 12
	Total of skipped opinions: 1
	Total of opinion triples generated: 22
Processing  italian00032_1ce2b993a6befb9c04f96fc3b96ed67f
	Total of opinions with different scope in the tag file: 6
	Total of skipped opinions: 0
	Total of opinion triples generated: 7
Processing  italian00119_c836f94b1dd817601b554dcf63079ef1
	Total of opinions with different scope in the tag file: 2
	Total of skipped opinions: 0
	Total of opinion triples generated: 4
Processing  italian00009_0b065d17892b5c73c328dacf0f7a0de0
	 TAG file not found on  /home/izquierdo/data/opinion_annotations_it/tag/hotel/italian00009_0b065d17892b5c73c328dacf0f7a0de0.tag
Processing  italian00120_7edc45117b48ab45522ec958fd70aea3
	Total of opinions with different scope in the tag file: 12
	Total of skipped opinions: 0
	Total of opinion triples generated: 19
Processing  italian00021_1f2f5f736165d28c67f22998e9f68953
	Total of opinions with different scope in the tag file: 6
	Total of skipped opinions: 0
	Total of opinion triples generated: 9
Processing  italian00096_a12f942d1b461595aa42270efa35a1bd
	Total of opinions with different scope in the tag file: 6
	Total of skipped opinions: 0
	Total of opinion triples generated: 12
Processing  italian00005_07ae600e501db21928f51096720556db
	Total of opinions with different scope in the tag file: 10
	Total of skipped opinions: 0
	Total of opinion triples generated: 10
Processing  italian00107_7231ae3413c7c89e2ceb7f4c7ec6bafe
	Total of opinions with different scope in the tag file: 4
	Total of skipped opinions: 0
	Total of opinion triples generated: 6
Processing  italian00107_b6459022826d9cbec8d74bd0a6db631f
	Total of opinions with different scope in the tag file: 2
	Total of skipped opinions: 0
	Total of opinion triples generated: 3
Processing  italian00129_88932e3a40c705c4e34d6ff27ec8fcdf
	Total of opinions with different scope in the tag file: 5
	Total of skipped opinions: 0
	Total of opinion triples generated: 6
Processing  italian00138_eb2179a5deb96186f13485428edefc5e
	Total of opinions with different scope in the tag file: 1
	Total of skipped opinions: 0
	Total of opinion triples generated: 1
Processing  italian00072_541105b6eb0a860c1976f059105bc142
	Total of opinions with different scope in the tag file: 15
	Total of skipped opinions: 0
	Total of opinion triples generated: 17
Processing  italian00130_8904d29b54010f4feb34711a0dcaa615
	 TAG file not found on  /home/izquierdo/data/opinion_annotations_it/tag/hotel/italian00130_8904d29b54010f4feb34711a0dcaa615.tag
Processing  italian00061_65ed91db9c3683ff7fcd423c12fac04f
	 TAG file not found on  /home/izquierdo/data/opinion_annotations_it/tag/hotel/italian00061_65ed91db9c3683ff7fcd423c12fac04f.tag
Processing  italian00026_19cada5ddc947b7bdbb2c460ddbe8dc3
	Total of opinions with different scope in the tag file: 7
	Total of skipped opinions: 0
	Total of opinion triples generated: 8
Processing  italian00094_9d6b838ead5706d2ecd4edcb8e1cf84d
	Total of opinions with different scope in the tag file: 2
	Total of skipped opinions: 0
	Total of opinion triples generated: 3
Processing  italian00037_40fd4b5dbb9b00dd4ba15f7f5b0227e0
	Total of opinions with different scope in the tag file: 4
	Total of skipped opinions: 0
	Total of opinion triples generated: 7
Processing  italian00194_d93e6a697dc701870c5a8c03b8d30018
	Total of opinions with different scope in the tag file: 3
	Total of skipped opinions: 0
	Total of opinion triples generated: 4
Processing  italian00091_62d2263e07b08ef0875c9fad3ac8f26d
	Total of opinions with different scope in the tag file: 8
	Total of skipped opinions: 0
	Total of opinion triples generated: 9
Processing  italian00042_47cf2be31ae188193d25a99ebfa3f3d2
	Total of opinions with different scope in the tag file: 6
	Total of skipped opinions: 0
	Total of opinion triples generated: 8
Processing  italian00093_650a465809f2376fbf9d07223f5fa20d
	Total of opinions with different scope in the tag file: 12
	Total of skipped opinions: 0
	Total of opinion triples generated: 17
Processing  italian00152_ffde5264936d9c9f4174ad89d9e04f2b
	Total of opinions with different scope in the tag file: 6
	Total of skipped opinions: 0
	Total of opinion triples generated: 9
Processing  italian00111_bd13e4ad25e04a6959a767e9a5013ac5
	Total of opinions with different scope in the tag file: 4
	Total of skipped opinions: 0
	Total of opinion triples generated: 5
Processing  italian00122_80df485cf9d6dfc67988a1d0b22280a4
	Total of opinions with different scope in the tag file: 5
	Total of skipped opinions: 0
	Total of opinion triples generated: 7
Processing  italian00044_344ae5970ec8f432191ea5a40d0249d2
	Total of opinions with different scope in the tag file: 9
	Total of skipped opinions: 0
	Total of opinion triples generated: 11
Processing  italian00162_af8cf0dd09dbb67cbf8c6eb3e622e98f
	Total of opinions with different scope in the tag file: 12
	Total of skipped opinions: 0
	Total of opinion triples generated: 18
Processing  italian00159_a9f2f7e9f09d6476c2f7f8b96f21d33b
	Total of opinions with different scope in the tag file: 6
	Total of skipped opinions: 0
	Total of opinion triples generated: 7
Processing  italian00002_026230e9ad3df2ccd90b5d18923da431
	Total of opinions with different scope in the tag file: 5
	Total of skipped opinions: 0
	Total of opinion triples generated: 6
Processing  italian00078_82ff717889c4c3baf75184e97d62a806
	Total of opinions with different scope in the tag file: 1
	Total of skipped opinions: 0
	Total of opinion triples generated: 1
Processing  italian00204_e72c11aadb7c8c3732eae7a68a090007
	Total of opinions with different scope in the tag file: 10
	Total of skipped opinions: 0
	Total of opinion triples generated: 12
Processing  italian00135_8cea0a2c8a9733473a5c6e30f94679b0
	Total of opinions with different scope in the tag file: 8
	Total of skipped opinions: 0
	Total of opinion triples generated: 9
Processing  italian00046_382e2eef9cf8bd3eb3746e420e1056cb
	Total of opinions with different scope in the tag file: 7
	Total of skipped opinions: 0
	Total of opinion triples generated: 9
Processing  italian00141_947539e0e4abf0d0210b178385b24717
	Total of opinions with different scope in the tag file: 14
	Total of skipped opinions: 0
	Total of opinion triples generated: 17
Processing  italian00021_157198bb6b98c4c37e5086adc1d88055
	Total of opinions with different scope in the tag file: 16
	Total of skipped opinions: 0
	Total of opinion triples generated: 21
Processing  italian00105_b4dae860d51efddee75ecfacd68a782f
	Total of opinions with different scope in the tag file: 6
	Total of skipped opinions: 0
	Total of opinion triples generated: 9
Processing  italian00013_0f1f58dea3b1268e40f8b9a5e3048862
	Total of opinions with different scope in the tag file: 6
	Total of skipped opinions: 0
	Total of opinion triples generated: 7
Processing  italian00022_21ecc5f580ac9ad667df3089323e09ab
	 TAG file not found on  /home/izquierdo/data/opinion_annotations_it/tag/hotel/italian00022_21ecc5f580ac9ad667df3089323e09ab.tag
Processing  italian00031_36eef7de455168fe3299ca372cd678b4
	Total of opinions with different scope in the tag file: 7
	Total of skipped opinions: 0
	Total of opinion triples generated: 14
Processing  italian00055_49ca7d45f54ed5b9db7ae4fa4b818bd2
	Total of opinions with different scope in the tag file: 10
	Total of skipped opinions: 0
	Total of opinion triples generated: 19
Processing  italian00130_da607491a3d78f9af9d050a180a63624
	Total of opinions with different scope in the tag file: 4
	Total of skipped opinions: 0
	Total of opinion triples generated: 4
Processing  italian00056_5d68e4daf39232e4a8e9a3fd2b3f9ea3
	Total of opinions with different scope in the tag file: 11
	Total of skipped opinions: 0
	Total of opinion triples generated: 16
Processing  italian00110_bc5a8f6c7476566ef8d32b826aa070a0
	Total of opinions with different scope in the tag file: 3
	Total of skipped opinions: 0
	Total of opinion triples generated: 7
Processing  italian00006_064e1f82d4b0d015350b9790b26c2256
	Total of opinions with different scope in the tag file: 9
	Total of skipped opinions: 0
	Total of opinion triples generated: 13
Processing  italian00100_69437c25320cc702bed15647d0fa9ffb
	Discarded  	/home/izquierdo/data/opinion_annotations_it/tag/hotel/italian00100_69437c25320cc702bed15647d0fa9ffb.tag opinion id:49
		StrongPositive	delle
		StrongPositive	vere
		StrongPositive	delizie
		none    	tra
		OpinionTarget	torte
		none    	,
		OpinionTarget	pasticcini
		none    	e
		OpinionTarget	croissant
		Positive	apena
		Positive	sfornati

	Total of opinions with different scope in the tag file: 10
	Total of skipped opinions: 1
	Total of opinion triples generated: 13
Processing  italian00027_2d50810c51d94fb0c599e2f58023e18a
	Total of opinions with different scope in the tag file: 1
	Total of skipped opinions: 0
	Total of opinion triples generated: 2
Processing  italian00147_f76d563dbad73e8c7de9383ac4b8cd5f
	Total of opinions with different scope in the tag file: 3
	Total of skipped opinions: 0
	Total of opinion triples generated: 8
Processing  italian00108_74c17978c41fff137c52f770e6366960
	Total of opinions with different scope in the tag file: 12
	Total of skipped opinions: 0
	Total of opinion triples generated: 15
Processing  italian00014_12b61d2a3be96874d594367102ecbf14
	Total of opinions with different scope in the tag file: 13
	Total of skipped opinions: 0
	Total of opinion triples generated: 19
Processing  italian00217_f4dc51dd5437f95484ce017d31fd2ff6
	Total of opinions with different scope in the tag file: 4
	Total of skipped opinions: 0
	Total of opinion triples generated: 5
Processing  italian00132_dd06726419ffec424952f8b59c3a5110
	Total of opinions with different scope in the tag file: 9
	Total of skipped opinions: 0
	Total of opinion triples generated: 11
Processing  italian00108_b9fefc504ded7bca8dc7460a0e723c47
	Total of opinions with different scope in the tag file: 3
	Total of skipped opinions: 0
	Total of opinion triples generated: 3
Processing  italian00183_cdeb0fa137f573d0df6cbf6825605bc8
	Total of opinions with different scope in the tag file: 5
	Total of skipped opinions: 0
	Total of opinion triples generated: 5
Processing  italian00088_95506d59348373b6bc73f2cf036c8da4
	Total of opinions with different scope in the tag file: 3
	Total of skipped opinions: 0
	Total of opinion triples generated: 6
Processing  italian00151_fe4b0680d6915bd0bca1ebdcfd55b835
	Total of opinions with different scope in the tag file: 3
	Total of skipped opinions: 0
	Total of opinion triples generated: 6
Processing  italian00137_8e49d537b86bbfbc2b48e5aa02d6533f
	Total of opinions with different scope in the tag file: 13
	Total of skipped opinions: 0
	Total of opinion triples generated: 17
Processing  italian00077_82235c8a2d8e7d1b72b5c76e6f2d1b73
	Total of opinions with different scope in the tag file: 2
	Total of skipped opinions: 0
	Total of opinion triples generated: 3
Processing  italian00066_6f2bcc754fd195c7826e332c1afb270b
	Total of opinions with different scope in the tag file: 3
	Total of skipped opinions: 0
	Total of opinion triples generated: 8
Processing  italian00125_cf8454ed37fe61de7942becd5ca35f0b
	Total of opinions with different scope in the tag file: 3
	Total of skipped opinions: 0
	Total of opinion triples generated: 4
Processing  italian00062_4fe29149ac19ed192a76cb2a9dc071a3
	Total of opinions with different scope in the tag file: 4
	Total of skipped opinions: 0
	Total of opinion triples generated: 5
Processing  italian00220_f8dc2ab16d365df9b295cc687b402f63
	Total of opinions with different scope in the tag file: 0
	Total of skipped opinions: 0
	Total of opinion triples generated: 0
Processing  italian00054_47d13bfa11496b2f55ec1da27b8467d2
	Total of opinions with different scope in the tag file: 9
	Total of skipped opinions: 0
	Total of opinion triples generated: 12
Processing  italian00190_d6328016b38260ca4969678d483d8baa
	Total of opinions with different scope in the tag file: 5
	Total of skipped opinions: 0
	Total of opinion triples generated: 7
Processing  italian00022_15afc8ee66ff976e55f8545e8d56368e
	Total of opinions with different scope in the tag file: 1
	Total of skipped opinions: 0
	Total of opinion triples generated: 2
Processing  italian00076_57865e09d9d4865af8a787e36be5e47f
	Total of opinions with different scope in the tag file: 9
	Total of skipped opinions: 0
	Total of opinion triples generated: 11
Processing  italian00172_c20fa6dbc89730b5136cfdb5245706e5
	Total of opinions with different scope in the tag file: 8
	Total of skipped opinions: 0
	Total of opinion triples generated: 17
Processing  italian00161_ad2b44f0f0ea896f1aa1e2ef515fd581
	Total of opinions with different scope in the tag file: 6
	Total of skipped opinions: 0
	Total of opinion triples generated: 7
Processing  italian00020_1e50ea90f1f8dd45e6dc293660c07c9b
	Total of opinions with different scope in the tag file: 4
	Total of skipped opinions: 0
	Total of opinion triples generated: 8
Processing  italian00104_6d583cbd77a5c0775e3dabeb594d3ece
	Total of opinions with different scope in the tag file: 11
	Total of skipped opinions: 0
	Total of opinion triples generated: 14
Processing  italian00056_4a2ea68926d7026057683d50372aa5a1
	Total of opinions with different scope in the tag file: 9
	Total of skipped opinions: 0
	Total of opinion triples generated: 9
Processing  italian00026_2c603ea89f49c05151e6340fd2603937
	Total of opinions with different scope in the tag file: 8
	Total of skipped opinions: 0
	Total of opinion triples generated: 11
Processing  italian00114_7c51be81739e41e5149047c40cb4787b
	Total of opinions with different scope in the tag file: 8
	Total of skipped opinions: 0
	Total of opinion triples generated: 10
Processing  italian00106_71e8b0da42fa4bbfd30b13845adf3a63
	Total of opinions with different scope in the tag file: 10
	Total of skipped opinions: 0
	Total of opinion triples generated: 12
Processing  italian00015_15afc8ee66ff976e55f8545e8d56368e
	 TAG file not found on  /home/izquierdo/data/opinion_annotations_it/tag/hotel/italian00015_15afc8ee66ff976e55f8545e8d56368e.tag
Processing  italian00090_6009c0b7739cbc341e70bc8df97b6270
	Total of opinions with different scope in the tag file: 4
	Total of skipped opinions: 0
	Total of opinion triples generated: 4
Processing  italian00079_876f7d90497831f9648b0a6106d02afb
	Total of opinions with different scope in the tag file: 5
	Total of skipped opinions: 0
	Total of opinion triples generated: 5
Processing  italian00036_40d8c0652f1d88b2317e48d16e4fd12c
	Total of opinions with different scope in the tag file: 5
	Total of skipped opinions: 0
	Total of opinion triples generated: 5
Processing  italian00025_199e54f684ac6c36d6e089ebe07e6fef
	Total of opinions with different scope in the tag file: 13
	Total of skipped opinions: 0
	Total of opinion triples generated: 14
Processing  italian00002_018ee9278a7cf4f170ebc4a5f4e6eab9
	 TAG file not found on  /home/izquierdo/data/opinion_annotations_it/tag/hotel/italian00002_018ee9278a7cf4f170ebc4a5f4e6eab9.tag
Processing  italian00010_0b316e07bf71c8f964611f2ffe43ab4e
	 TAG file not found on  /home/izquierdo/data/opinion_annotations_it/tag/hotel/italian00010_0b316e07bf71c8f964611f2ffe43ab4e.tag
Processing  italian00046_514a0ac4aaf1a52ff7d8013fccfda438
	Total of opinions with different scope in the tag file: 1
	Total of skipped opinions: 0
	Total of opinion triples generated: 1
Processing  italian00086_924926e2811a5c4166603211b596c3aa
	 TAG file not found on  /home/izquierdo/data/opinion_annotations_it/tag/hotel/italian00086_924926e2811a5c4166603211b596c3aa.tag
Processing  italian00057_6054fe40eb2d013841edb61998fc7c57
	Total of opinions with different scope in the tag file: 1
	Total of skipped opinions: 0
	Total of opinion triples generated: 1
Processing  italian00149_a37a9ede1c555bcfc14dcd1ea0cf2442
	Total of opinions with different scope in the tag file: 5
	Total of skipped opinions: 0
	Total of opinion triples generated: 7
Processing  italian00082_5a1edb55b765b3ef00e4147bf625093c
	Total of opinions with different scope in the tag file: 5
	Total of skipped opinions: 0
	Total of opinion triples generated: 6
Processing  italian00145_f51d34d2ec7b32659c58f3dc1a8cc63d
	Total of opinions with different scope in the tag file: 5
	Total of skipped opinions: 0
	Total of opinion triples generated: 7
Processing  italian00182_cb6f8cc57ab65a316fb1987ff0323613
	Total of opinions with different scope in the tag file: 7
	Total of skipped opinions: 0
	Total of opinion triples generated: 12
Processing  italian00189_d558e1605b7d53b277e326ee8afde7eb
	Total of opinions with different scope in the tag file: 3
	Total of skipped opinions: 0
	Total of opinion triples generated: 3
Processing  italian00109_bb2391cd4cacd07d42a315a81237e737
	Total of opinions with different scope in the tag file: 8
	Total of skipped opinions: 0
	Total of opinion triples generated: 11
Processing  italian00117_7e52c37e7406080ff44433fcd694252e
	Total of opinions with different scope in the tag file: 3
	Total of skipped opinions: 0
	Total of opinion triples generated: 3
Processing  italian00012_0e312a7c88f5093038b960d7e431e5eb
	Total of opinions with different scope in the tag file: 10
	Total of skipped opinions: 0
	Total of opinion triples generated: 10
Processing  italian00035_251c2279ffb1de6a665f85d64f9d3c39
	Discarded  	/home/izquierdo/data/opinion_annotations_it/tag/hotel/italian00035_251c2279ffb1de6a665f85d64f9d3c39.tag opinion id:29
		Positive	buona
		none    	la
		OpinionTarget	ristorazione
		none    	interna
		none    	(
		StrongPositive	in
		StrongPositive	particolare
		none    	i
		OpinionTarget	dolcetti
		OpinionTarget	della
		OpinionTarget	prima
		OpinionTarget	colazione
		none    	)

	Total of opinions with different scope in the tag file: 8
	Total of skipped opinions: 1
	Total of opinion triples generated: 10
Processing  italian00040_2fccadedcac1c0f72002052a943008c7
	Total of opinions with different scope in the tag file: 4
	Total of skipped opinions: 0
	Total of opinion triples generated: 4
Processing  italian00119_7e5fe42e2f43bbf65b688e5d99c8b415
	Total of opinions with different scope in the tag file: 8
	Total of skipped opinions: 0
	Total of opinion triples generated: 9
Processing  italian00101_6b7c8bb4da91b219cc4f77b6de77dd3c
	Total of opinions with different scope in the tag file: 12
	Total of skipped opinions: 0
	Total of opinion triples generated: 23
Processing  italian00123_81a95e6600c0456c1a49d9460de4c7ea
	Total of opinions with different scope in the tag file: 11
	Total of skipped opinions: 0
	Total of opinion triples generated: 13
Processing  italian00206_e77f7793b11c87666fef02c664af5ac8
	Total of opinions with different scope in the tag file: 4
	Total of skipped opinions: 0
	Total of opinion triples generated: 6
Processing  italian00041_46ba2d8d8ce1399469d95713a478681c
	Total of opinions with different scope in the tag file: 4
	Total of skipped opinions: 0
	Total of opinion triples generated: 5
Processing  italian00154_a690be0195af3bdb0451fffd31e41f6f
	Total of opinions with different scope in the tag file: 9
	Total of skipped opinions: 0
	Total of opinion triples generated: 13
Processing  italian00001_006cf1a0cb215e46110a9e3f78ce30a6
	Discarded  	/home/izquierdo/data/opinion_annotations_it/tag/hotel/italian00001_006cf1a0cb215e46110a9e3f78ce30a6.tag opinion id:31
		none    	La
		OpinionTarget	camera
		none    	era
		Positive	abbastanza
		Positive	spaziosa
		none    	ma
		StrongNegative	decisamente
		StrongNegative	non
		StrongNegative	curata
		none    	,
		none    	sia
		none    	nella
		OpinionTarget	pulizia
		none    	che
		none    	nell'
		OpinionTarget	arredamento

	Total of opinions with different scope in the tag file: 9
	Total of skipped opinions: 1
	Total of opinion triples generated: 8
Processing  italian00038_2de2b1a1c989c136b46d1620640e05a7
	Total of opinions with different scope in the tag file: 4
	Total of skipped opinions: 0
	Total of opinion triples generated: 5
Processing  italian00167_b6376ad7cd6f8d1e7db2bc58f00a2d2f
	Total of opinions with different scope in the tag file: 12
	Total of skipped opinions: 0
	Total of opinion triples generated: 13
Processing  italian00078_58950910191bb9afee0e1619495d2db0
	Total of opinions with different scope in the tag file: 11
	Total of skipped opinions: 0
	Total of opinion triples generated: 12
Processing  italian00050_55ae4d915855a529c065a5dc3d55fd80
	Total of opinions with different scope in the tag file: 3
	Total of skipped opinions: 0
	Total of opinion triples generated: 5
Processing  italian00048_3e5d32bf4cc3add8ae1e4d4e57189f3b
	Total of opinions with different scope in the tag file: 10
	Total of skipped opinions: 0
	Total of opinion triples generated: 14
Processing  italian00151_a4df9c5654dac9240ff0415d4f83a443
	Total of opinions with different scope in the tag file: 9
	Total of skipped opinions: 0
	Total of opinion triples generated: 9
Processing  italian00071_540aeaff60a78418cc768c9adf506371
	Total of opinions with different scope in the tag file: 3
	Total of skipped opinions: 0
	Total of opinion triples generated: 4
Processing  italian00092_635399c0d8d9cc50ed0fe4d966775100
	Total of opinions with different scope in the tag file: 6
	Total of skipped opinions: 0
	Total of opinion triples generated: 6
Processing  italian00200_e30d32af04e88da461e89219898878ff
	Total of opinions with different scope in the tag file: 11
	Total of skipped opinions: 0
	Total of opinion triples generated: 16
Processing  italian00081_59d96f8bb5832249171f85ea62edc09b
	Total of opinions with different scope in the tag file: 2
	Total of skipped opinions: 0
	Total of opinion triples generated: 5
Processing  italian00227_ffdcbaa229cf8dd53fca21ff3b580602
	Total of opinions with different scope in the tag file: 1
	Total of skipped opinions: 0
	Total of opinion triples generated: 1
Processing  italian00039_2f296e890ab780ca897f4599fef528e8
	Total of opinions with different scope in the tag file: 5
	Total of skipped opinions: 0
	Total of opinion triples generated: 6
Processing  italian00051_58756673b80ebce9a2f6275667a0fb5d
	Total of opinions with different scope in the tag file: 5
	Total of skipped opinions: 0
	Total of opinion triples generated: 5
Processing  italian00063_668276b430c5fb3ad0d9a70c74ccd19e
	Total of opinions with different scope in the tag file: 3
	Total of skipped opinions: 0
	Total of opinion triples generated: 6
Processing  italian00016_17102d76b8582ae8edcb8f959abea83f
	Total of opinions with different scope in the tag file: 3
	Total of skipped opinions: 0
	Total of opinion triples generated: 4
Processing  italian00081_88a9572fbd821a0ff63684746beabd03
	 TAG file not found on  /home/izquierdo/data/opinion_annotations_it/tag/hotel/italian00081_88a9572fbd821a0ff63684746beabd03.tag
Processing  italian00102_6c46bf1704b4eb9bed7649b1099dcc97
	 TAG file not found on  /home/izquierdo/data/opinion_annotations_it/tag/hotel/italian00102_6c46bf1704b4eb9bed7649b1099dcc97.tag
Processing  italian00143_97f59f1071cada6e5bc3f85e271546e4
	Total of opinions with different scope in the tag file: 5
	Total of skipped opinions: 0
	Total of opinion triples generated: 5
Processing  italian00177_c777521ea09839e04cce7302d81abee7
	Total of opinions with different scope in the tag file: 4
	Total of skipped opinions: 0
	Total of opinion triples generated: 4
Processing  italian00088_5fafb058eaeaf9a8bc05a1b0df515f1e
	Total of opinions with different scope in the tag file: 5
	Total of skipped opinions: 0
	Total of opinion triples generated: 6
Processing  italian00116_c7429f266455f9cec3349737dacd72f3
	Total of opinions with different scope in the tag file: 10
	Total of skipped opinions: 0
	Total of opinion triples generated: 13
Processing  italian00112_be14ed4897d807b7a2bad896afca314e
	 TAG file not found on  /home/izquierdo/data/opinion_annotations_it/tag/hotel/italian00112_be14ed4897d807b7a2bad896afca314e.tag
Processing  italian00065_673f21262105094cc0f2dc3f39a1493e
	Total of opinions with different scope in the tag file: 4
	Total of skipped opinions: 0
	Total of opinion triples generated: 8
Processing  italian00193_d8c49297724ea4ae32c3d7e219cb114d
	Total of opinions with different scope in the tag file: 8
	Total of skipped opinions: 0
	Total of opinion triples generated: 11
Processing  italian00163_b228217b325be31bfa2d02a3b779a146
	Total of opinions with different scope in the tag file: 1
	Total of skipped opinions: 0
	Total of opinion triples generated: 3
Processing  italian00226_fe13c893ddaf7dd0d9fe1b304352b50a
	Total of opinions with different scope in the tag file: 2
	Total of skipped opinions: 0
	Total of opinion triples generated: 2
Processing  italian00173_c351724badebcbae0fc52521add17b29
	Total of opinions with different scope in the tag file: 3
	Total of skipped opinions: 0
	Total of opinion triples generated: 7
Processing  italian00082_8c803245f357baa9cc0f380d1af0c4cc
	Total of opinions with different scope in the tag file: 1
	Total of skipped opinions: 0
	Total of opinion triples generated: 1
Processing  italian00075_5785b2029a19c148c23cbab0c5fd4226
	Total of opinions with different scope in the tag file: 5
	Total of skipped opinions: 0
	Total of opinion triples generated: 6
Processing  italian00059_62c355077c47a5a8ee07810cb63aac51
	 TAG file not found on  /home/izquierdo/data/opinion_annotations_it/tag/hotel/italian00059_62c355077c47a5a8ee07810cb63aac51.tag
Processing  italian00007_07a73872958605adc5f5c48fc6953ab4
	Total of opinions with different scope in the tag file: 8
	Total of skipped opinions: 0
	Total of opinion triples generated: 9
Processing  italian00142_f21b9a887fee328bc4e4b3ca7126a8de
	Total of opinions with different scope in the tag file: 2
	Total of skipped opinions: 0
	Total of opinion triples generated: 2
Processing  italian00055_5c2d6d1e459d68fed90af959ebf9333f
	Total of opinions with different scope in the tag file: 3
	Total of skipped opinions: 0
	Total of opinion triples generated: 5
Processing  italian00004_042aa88398726e3f0e6fc8fbfa47519f
	Total of opinions with different scope in the tag file: 8
	Total of skipped opinions: 0
	Total of opinion triples generated: 10
Processing  italian00043_49408f4abbf6788aa51cce4b1c21cd97
	Total of opinions with different scope in the tag file: 5
	Total of skipped opinions: 0
	Total of opinion triples generated: 7
Processing  italian00141_ef690225b44e7298a4d50c0aa4dfda4f
	Total of opinions with different scope in the tag file: 4
	Total of skipped opinions: 0
	Total of opinion triples generated: 4
Processing  italian00160_ac912762d8612b506da210c15147ca3b
	Total of opinions with different scope in the tag file: 11
	Total of skipped opinions: 0
	Total of opinion triples generated: 14
Processing  italian00034_23d96ebe48d3f296989c45b9a6a73d02
	Total of opinions with different scope in the tag file: 5
	Total of skipped opinions: 0
	Total of opinion triples generated: 5
Processing  italian00144_f43debf4112fc15537775a8969b82fd2
	Total of opinions with different scope in the tag file: 2
	Total of skipped opinions: 0
	Total of opinion triples generated: 2
Processing  italian00118_7e5dc7d84d8aad7934acd7e6cea5f312
	Total of opinions with different scope in the tag file: 3
	Total of skipped opinions: 0
	Total of opinion triples generated: 4
Processing  italian00036_27dc994dea7eb7d303f65ec922060784
	Total of opinions with different scope in the tag file: 12
	Total of skipped opinions: 0
	Total of opinion triples generated: 14
Processing  italian00006_07b32c42a9d8a5c79112799a1825bb2f
	Total of opinions with different scope in the tag file: 8
	Total of skipped opinions: 0
	Total of opinion triples generated: 13
Processing  italian00223_fa8d9e7a6abe50df0819cbc8219c45a4
	Total of opinions with different scope in the tag file: 3
	Total of skipped opinions: 0
	Total of opinion triples generated: 4
Processing  italian00213_f049fc30c19eceecae9d218963bfc881
	Total of opinions with different scope in the tag file: 9
	Total of skipped opinions: 0
	Total of opinion triples generated: 13
Processing  italian00122_ca650bcbf577a8f470c825d2539c7efa
	Total of opinions with different scope in the tag file: 4
	Total of skipped opinions: 0
	Total of opinion triples generated: 9
Processing  italian00215_f0fd80127efbb0b5e17b31f30ff9c5d6
	Total of opinions with different scope in the tag file: 3
	Total of skipped opinions: 0
	Total of opinion triples generated: 5
Processing  italian00097_a413987230910f931223faa1079c2fe9
	Total of opinions with different scope in the tag file: 5
	Total of skipped opinions: 0
	Total of opinion triples generated: 8
Processing  italian00010_0bd8ae0fa6518f521c6dedecbdc00c35
	Total of opinions with different scope in the tag file: 9
	Total of skipped opinions: 0
	Total of opinion triples generated: 10
Processing  italian00148_a08a5f6ff361b12fb0454bd36d13fa8b
	Total of opinions with different scope in the tag file: 4
	Total of skipped opinions: 0
	Total of opinion triples generated: 5
Processing  italian00137_ea994bbd684c022df3030e3a3beb4a10
	Total of opinions with different scope in the tag file: 5
	Total of skipped opinions: 0
	Total of opinion triples generated: 9
Processing  italian00196_dabba5a94342561d824e2972a7e8f63a
	Total of opinions with different scope in the tag file: 8
	Total of skipped opinions: 0
	Total of opinion triples generated: 9
Processing  italian00110_75c9b5132f32ba95e716bf8535177a43
	Total of opinions with different scope in the tag file: 13
	Total of skipped opinions: 0
	Total of opinion triples generated: 22
Processing  italian00004_06954ab7fc62a3b8b383f1331d6d8dad
	Discarded  	/home/izquierdo/data/opinion_annotations_it/tag/hotel/italian00004_06954ab7fc62a3b8b383f1331d6d8dad.tag opinion id:12
		none    	un
		StrongPositive	ottimo
		OpinionTarget	hotel
		none    	sebbene
		none    	le
		OpinionTarget	classic
		OpinionTarget	rooms
		none    	siano
		Negative	un
		Negative	po
		Negative	'
		Negative	piccole
		none    	e
		Negative	non
		Negative	così
		Negative	silenziose

	Total of opinions with different scope in the tag file: 11
	Total of skipped opinions: 1
	Total of opinion triples generated: 11
Processing  italian00064_508ce40d5fa5bf5a48922741e0ff2d18
	Total of opinions with different scope in the tag file: 12
	Total of skipped opinions: 0
	Total of opinion triples generated: 15
Processing  italian00024_2ba798174cdc57294579484ad7c30a44
	Total of opinions with different scope in the tag file: 9
	Total of skipped opinions: 0
	Total of opinion triples generated: 11
Processing  italian00101_ad02e0f1fa4890eea35fc5aa3223c161
	Total of opinions with different scope in the tag file: 7
	Total of skipped opinions: 0
	Total of opinion triples generated: 9
Processing  italian00086_5d16989d4838775c3bed442b0262ae1b
	Total of opinions with different scope in the tag file: 9
	Total of skipped opinions: 0
	Total of opinion triples generated: 11
Processing  italian00166_b50d9f9c50ce47f00adfbc7fc4661c56
	Total of opinions with different scope in the tag file: 5
	Total of skipped opinions: 0
	Total of opinion triples generated: 8
Processing  italian00105_6da968c8e52c40c1bb2cf1b1d70b7569
	Discarded  	/home/izquierdo/data/opinion_annotations_it/tag/hotel/italian00105_6da968c8e52c40c1bb2cf1b1d70b7569.tag opinion id:9
		none    	sia
		none    	del
		OpinionTarget	luogo
		none    	che
		none    	della
		Positive	familiare
		none    	,
		Positive	amichevole
		none    	e
		Positive	squisita
		OpinionTarget	gentilezza
		OpinionTarget	dei
		OpinionTarget	proprietari

	Total of opinions with different scope in the tag file: 9
	Total of skipped opinions: 1
	Total of opinion triples generated: 15
Processing  italian00121_806c9dbac1d2c5f7aa811e09a9bcaa41
	Discarded  	/home/izquierdo/data/opinion_annotations_it/tag/hotel/italian00121_806c9dbac1d2c5f7aa811e09a9bcaa41.tag opinion id:52
		StrongPositive	Soprattutto
		StrongPositive	di
		OpinionTarget	dolci
		none    	ma
		Positive	c’
		Positive	era
		Positive	anche
		none    	il
		none    	reparto
		OpinionTarget	salato

	Total of opinions with different scope in the tag file: 11
	Total of skipped opinions: 1
	Total of opinion triples generated: 20
Processing  italian00186_d06c58163ffb9a7c5c994b87bd10c791
	Total of opinions with different scope in the tag file: 5
	Total of skipped opinions: 0
	Total of opinion triples generated: 8
Processing  italian00080_88932e3a40c705c4e34d6ff27ec8fcdf
	 TAG file not found on  /home/izquierdo/data/opinion_annotations_it/tag/hotel/italian00080_88932e3a40c705c4e34d6ff27ec8fcdf.tag
Processing  italian00219_f6504f0332767c905cc46b98174e127d
	Total of opinions with different scope in the tag file: 4
	Total of skipped opinions: 0
	Total of opinion triples generated: 6
Processing  italian00069_74d33863a6c2b88b0c9f55a71d48cda5
	Total of opinions with different scope in the tag file: 10
	Total of skipped opinions: 0
	Total of opinion triples generated: 15
Processing  italian00150_fdf467b8589e8e88454c3ad63df715a1
	Total of opinions with different scope in the tag file: 8
	Total of skipped opinions: 0
	Total of opinion triples generated: 21
Processing  italian00124_caf58e4dd05126ba5b5d06079c9e42b4
	Total of opinions with different scope in the tag file: 2
	Total of skipped opinions: 0
	Total of opinion triples generated: 3
Processing  italian00222_f8fa03bbc2c979d6a1d2b15c423a0c5f
	Total of opinions with different scope in the tag file: 8
	Total of skipped opinions: 0
	Total of opinion triples generated: 10
Processing  italian00211_edc9795931fbffa6d1cd36c8e1cb3546
	Total of opinions with different scope in the tag file: 1
	Total of skipped opinions: 0
	Total of opinion triples generated: 4
Processing  italian00003_0674f35376181635ed68182a4dd6feec
	Total of opinions with different scope in the tag file: 5
	Total of skipped opinions: 0
	Total of opinion triples generated: 6
Processing  italian00140_928367374947ba219807e80bdeb380d0
	Total of opinions with different scope in the tag file: 5
	Total of skipped opinions: 0
	Total of opinion triples generated: 7

#########################
Total KAF files  379
Total TAG files  355
Total opinions-scope in tag 2271
Total skipped opinions 12
Total generated triples 3051
#########################

